<?xml version="1.0" encoding="UTF-8"?>
<!-- Generated by org.testng.reporters.JUnitReportReporter -->
<testsuite skipped="0" hostname="IN-7SMH5H2" name="tests.SampleCode" tests="1" failures="0" timestamp="17 May 2019 18:20:40 GMT" time="0.019" errors="0">
  <testcase name="display2" time="0.019" classname="tests.SampleCode"/>
</testsuite> <!-- tests.SampleCode -->
