<?xml version="1.0" encoding="UTF-8"?>
<!-- Generated by org.testng.reporters.JUnitReportReporter -->
<testsuite hostname="IN-7SMH5H2" name="tests.SampleCode" tests="1" failures="0" timestamp="17 May 2019 16:05:20 GMT" time="0.012" errors="0">
  <testcase name="display2" time="0.012" classname="tests.SampleCode"/>
</testsuite> <!-- tests.SampleCode -->
